~/PadeOps /gpfs/mira-home/kmatsuno/FloATPy/post/scripts
/gpfs/mira-home/kmatsuno/FloATPy/post/scripts
~/PadeOps /gpfs/mira-home/kmatsuno
/gpfs/mira-home/kmatsuno
 
 ================ Optimizing t3d ================ 
Processor decomposition:     1 x    1 x   12. Time =   5.278E+000 seconds
 >>>> Found a better processor decomposition 1 x 1 x 12 with time   5.278E+000 seconds
Processor decomposition:     1 x    2 x    6. Time =   5.265E+000 seconds
 >>>> Found a better processor decomposition 1 x 2 x 6 with time   5.265E+000 seconds
Processor decomposition:     1 x    3 x    4. Time =   5.268E+000 seconds
Processor decomposition:     1 x    4 x    3. Time =   5.338E+000 seconds
Processor decomposition:     1 x    6 x    2. Time =   5.232E+000 seconds
 >>>> Found a better processor decomposition 1 x 6 x 2 with time   5.232E+000 seconds
Processor decomposition:     1 x   12 x    1. Time =   5.260E+000 seconds
Processor decomposition:     2 x    1 x    6. Time =   5.291E+000 seconds
Processor decomposition:     2 x    2 x    3. Time =   5.220E+000 seconds
 >>>> Found a better processor decomposition 2 x 2 x 3 with time   5.220E+000 seconds
Processor decomposition:     2 x    3 x    2. Time =   5.343E+000 seconds
Processor decomposition:     2 x    6 x    1. Time =   5.301E+000 seconds
Processor decomposition:     3 x    1 x    4. Time =   5.402E+000 seconds
Processor decomposition:     3 x    2 x    2. Time =   5.331E+000 seconds
Processor decomposition:     3 x    4 x    1. Time =   5.464E+000 seconds
Processor decomposition:     4 x    1 x    3. Time =   5.359E+000 seconds
Processor decomposition:     4 x    3 x    1. Time =   5.407E+000 seconds
Processor decomposition:     6 x    1 x    2. Time =   5.266E+000 seconds
Processor decomposition:     6 x    2 x    1. Time =   5.286E+000 seconds
Processor decomposition:    12 x    1 x    1. Time =   5.389E+000 seconds
>>>> Using 3D processor decomposition 2x2x3
>>>> Total decompositions tried = 18
>>>> Total feasible decompositions = 18
 ================================================ 
 
Note: Missing D# multiplier for line:
	Re      = 1000           ! Reynolds number rho_Ref*dU*L/mu_ref
	Assuming multiplier is 1.

Params for this run:
	Mc = 0.4
	Re = 1000.0
	rr = 1.0
du = 0.946572765296
Time 	 dtheta 	 domega 	 dtheta_rate
0.0 	 1.00000246679 	 4.00001463171 	 -1.56241679523e-14
100.0 	 1.0392027409 	 4.58015827745 	 0.000144063930846
200.0 	 1.15010285321 	 5.60437701532 	 0.00286474383117
300.0 	 2.04339916878 	 10.232714666 	 0.0138197866741
400.0 	 3.237184413 	 15.9868112572 	 0.0117607722748
500.0 	 4.29065116428 	 20.165731017 	 0.0097453867182
525.0 	 4.52041396646 	 19.9928269791 	 0.00965887989542
550.0 	 4.75598862351 	 22.0041203938 	 0.00994485221813
575.0 	 4.99427545186 	 21.1992013367 	 0.0101035619069
600.0 	 5.24540096998 	 22.4270938409 	 0.0109125377254
625.0 	 5.51422195914 	 22.8789512186 	 0.0114725285804
Done writing to /projects/ShockInducedMix/ShearLayerData/production/Mc04/rr1/1024x1448x512/shearlayer_growth.dat
