~/PadeOps /gpfs/mira-home/kmatsuno/FloATPy/post/scripts
/gpfs/mira-home/kmatsuno/FloATPy/post/scripts
~/PadeOps /gpfs/mira-home/kmatsuno
/gpfs/mira-home/kmatsuno

===================================================================================
=   BAD TERMINATION OF ONE OF YOUR APPLICATION PROCESSES
=   PID 71193 RUNNING AT cc066.cooley
=   EXIT CODE: 2
=   CLEANING UP REMAINING PROCESSES
=   YOU CAN IGNORE THE BELOW CLEANUP MESSAGES
===================================================================================
~/PadeOps /gpfs/mira-home/kmatsuno
/gpfs/mira-home/kmatsuno
~/PadeOps /gpfs/mira-home/kmatsuno
/gpfs/mira-home/kmatsuno
~/PadeOps /gpfs/mira-home/kmatsuno
/gpfs/mira-home/kmatsuno

===================================================================================
=   BAD TERMINATION OF ONE OF YOUR APPLICATION PROCESSES
=   PID 61495 RUNNING AT cc117.cooley
=   EXIT CODE: 2
=   CLEANING UP REMAINING PROCESSES
=   YOU CAN IGNORE THE BELOW CLEANUP MESSAGES
===================================================================================
~/PadeOps /gpfs/mira-home/kmatsuno
/gpfs/mira-home/kmatsuno

===================================================================================
=   BAD TERMINATION OF ONE OF YOUR APPLICATION PROCESSES
=   PID 38219 RUNNING AT cc069.cooley
=   EXIT CODE: 2
=   CLEANING UP REMAINING PROCESSES
=   YOU CAN IGNORE THE BELOW CLEANUP MESSAGES
===================================================================================
