~/PadeOps /gpfs/mira-home/kmatsuno/FloATPy/post/scripts
/gpfs/mira-home/kmatsuno/FloATPy/post/scripts
~/PadeOps /gpfs/mira-home/kmatsuno
/gpfs/mira-home/kmatsuno

===================================================================================
=   BAD TERMINATION OF ONE OF YOUR APPLICATION PROCESSES
=   PID 57431 RUNNING AT cc105.cooley
=   EXIT CODE: 2
=   CLEANING UP REMAINING PROCESSES
=   YOU CAN IGNORE THE BELOW CLEANUP MESSAGES
===================================================================================
~/PadeOps /gpfs/mira-home/kmatsuno
/gpfs/mira-home/kmatsuno

===================================================================================
=   BAD TERMINATION OF ONE OF YOUR APPLICATION PROCESSES
=   PID 77348 RUNNING AT cc066.cooley
=   EXIT CODE: 2
=   CLEANING UP REMAINING PROCESSES
=   YOU CAN IGNORE THE BELOW CLEANUP MESSAGES
===================================================================================
~/PadeOps /gpfs/mira-home/kmatsuno
/gpfs/mira-home/kmatsuno
~/PadeOps /gpfs/mira-home/kmatsuno
/gpfs/mira-home/kmatsuno
~/PadeOps /gpfs/mira-home/kmatsuno
/gpfs/mira-home/kmatsuno

===================================================================================
=   BAD TERMINATION OF ONE OF YOUR APPLICATION PROCESSES
=   PID 54473 RUNNING AT cc067.cooley
=   EXIT CODE: 2
=   CLEANING UP REMAINING PROCESSES
=   YOU CAN IGNORE THE BELOW CLEANUP MESSAGES
===================================================================================
